# JRE version: OpenJDK Runtime Environment (17.0.7) (build 17.0.7+0-b2043.56-10550314)
# Java VM: OpenJDK 64-Bit Server VM (17.0.7+0-b2043.56-10550314, mixed mode, tiered, compressed oops, compressed class ptrs, g1 gc, windows-amd64)
GC Precious Log:
 CPUs: 12 total, 12 available
 Memory: 7528M
 Large Page Support: Disabled
 NUMA Support: Disabled
 Compressed Oops: Enabled (32-bit)
 Heap Region Size: 1M
 Heap Min Capacity: 8M
 Heap Initial Capacity: 118M
 Heap Max Capacity: 2G
 Pre-touch: Disabled
 Parallel Workers: 10
 Concurrent Workers: 3
 Concurrent Refinement Workers: 10
 Periodic GC: Disabled
Heap:
 garbage-first heap   total 270336K, used 188220K [0x0000000080000000, 0x0000000100000000)
  region size 1024K, 71 young (72704K), 5 survivors (5120K)
 Metaspace       used 135775K, committed 136640K, reserved 1179648K
  class space    used 18652K, committed 19072K, reserved 1048576K
GC Heap History (20 events):
Event: 23.120 GC heap before
{Heap before GC invocations=66 (full 0):
 garbage-first heap   total 169984K, used 142628K [0x0000000080000000, 0x0000000100000000)
  region size 1024K, 27 young (27648K), 4 survivors (4096K)
 Metaspace       used 113586K, committed 114304K, reserved 1179648K
  class space    used 15425K, committed 15744K, reserved 1048576K
}
Event: 23.123 GC heap after
{Heap after GC invocations=67 (full 0):
 garbage-first heap   total 169984K, used 121036K [0x0000000080000000, 0x0000000100000000)
  region size 1024K, 3 young (3072K), 3 survivors (3072K)
 Metaspace       used 113586K, committed 114304K, reserved 1179648K
  class space    used 15425K, committed 15744K, reserved 1048576K
}
Event: 23.567 GC heap before
{Heap before GC invocations=67 (full 0):
 garbage-first heap   total 169984K, used 143564K [0x0000000080000000, 0x0000000100000000)
  region size 1024K, 26 young (26624K), 3 survivors (3072K)
 Metaspace       used 116774K, committed 117504K, reserved 1179648K
  class space    used 15894K, committed 16256K, reserved 1048576K
}
Event: 23.570 GC heap after
{Heap after GC invocations=68 (full 0):
 garbage-first heap   total 169984K, used 121931K [0x0000000080000000, 0x0000000100000000)
  region size 1024K, 2 young (2048K), 2 survivors (2048K)
 Metaspace       used 116774K, committed 117504K, reserved 1179648K
  class space    used 15894K, committed 16256K, reserved 1048576K
}
Event: 23.970 GC heap before
{Heap before GC invocations=68 (full 0):
 garbage-first heap   total 169984K, used 144459K [0x0000000080000000, 0x0000000100000000)
  region size 1024K, 25 young (25600K), 2 survivors (2048K)
 Metaspace       used 119912K, committed 120640K, reserved 1179648K
  class space    used 16375K, committed 16704K, reserved 1048576K
}
Event: 23.973 GC heap after
{Heap after GC invocations=69 (full 0):
 garbage-first heap   total 169984K, used 122460K [0x0000000080000000, 0x0000000100000000)
  region size 1024K, 3 young (3072K), 3 survivors (3072K)
 Metaspace       used 119912K, committed 120640K, reserved 1179648K
  class space    used 16375K, committed 16704K, reserved 1048576K
}
Event: 24.217 GC heap before
{Heap before GC invocations=69 (full 0):
 garbage-first heap   total 169984K, used 136796K [0x0000000080000000, 0x0000000100000000)
  region size 1024K, 19 young (19456K), 3 survivors (3072K)
 Metaspace       used 122282K, committed 123008K, reserved 1179648K
  class space    used 16828K, committed 17152K, reserved 1048576K
}
Event: 24.224 GC heap after
{Heap after GC invocations=70 (full 0):
 garbage-first heap   total 169984K, used 123208K [0x0000000080000000, 0x0000000100000000)
  region size 1024K, 3 young (3072K), 3 survivors (3072K)
 Metaspace       used 122282K, committed 123008K, reserved 1179648K
  class space    used 16828K, committed 17152K, reserved 1048576K
}
Event: 24.907 GC heap before
{Heap before GC invocations=71 (full 0):
 garbage-first heap   total 219136K, used 139592K [0x0000000080000000, 0x0000000100000000)
  region size 1024K, 21 young (21504K), 3 survivors (3072K)
 Metaspace       used 124795K, committed 125568K, reserved 1179648K
  class space    used 17251K, committed 17600K, reserved 1048576K
}
Event: 24.921 GC heap after
{Heap after GC invocations=72 (full 0):
 garbage-first heap   total 219136K, used 122502K [0x0000000080000000, 0x0000000100000000)
  region size 1024K, 2 young (2048K), 2 survivors (2048K)
 Metaspace       used 124795K, committed 125568K, reserved 1179648K
  class space    used 17251K, committed 17600K, reserved 1048576K
}
Event: 25.032 GC heap before
{Heap before GC invocations=72 (full 0):
 garbage-first heap   total 219136K, used 129670K [0x0000000080000000, 0x0000000100000000)
  region size 1024K, 10 young (10240K), 2 survivors (2048K)
 Metaspace       used 125918K, committed 126656K, reserved 1179648K
  class space    used 17465K, committed 17792K, reserved 1048576K
}
Event: 25.037 GC heap after
{Heap after GC invocations=73 (full 0):
 garbage-first heap   total 219136K, used 110712K [0x0000000080000000, 0x0000000100000000)
  region size 1024K, 2 young (2048K), 2 survivors (2048K)
 Metaspace       used 125918K, committed 126656K, reserved 1179648K
  class space    used 17465K, committed 17792K, reserved 1048576K
}
Event: 26.929 GC heap before
{Heap before GC invocations=73 (full 0):
 garbage-first heap   total 219136K, used 193656K [0x0000000080000000, 0x0000000100000000)
  region size 1024K, 73 young (74752K), 2 survivors (2048K)
 Metaspace       used 131280K, committed 132032K, reserved 1179648K
  class space    used 18339K, committed 18688K, reserved 1048576K
}
Event: 26.935 GC heap after
{Heap after GC invocations=74 (full 0):
 garbage-first heap   total 219136K, used 113618K [0x0000000080000000, 0x0000000100000000)
  region size 1024K, 5 young (5120K), 5 survivors (5120K)
 Metaspace       used 131280K, committed 132032K, reserved 1179648K
  class space    used 18339K, committed 18688K, reserved 1048576K
}
Event: 207.552 GC heap before
{Heap before GC invocations=75 (full 0):
 garbage-first heap   total 219136K, used 181202K [0x0000000080000000, 0x0000000100000000)
  region size 1024K, 72 young (73728K), 5 survivors (5120K)
 Metaspace       used 134844K, committed 135680K, reserved 1179648K
  class space    used 18562K, committed 18944K, reserved 1048576K
}
Event: 207.613 GC heap after
{Heap after GC invocations=76 (full 0):
 garbage-first heap   total 270336K, used 118154K [0x0000000080000000, 0x0000000100000000)
  region size 1024K, 9 young (9216K), 9 survivors (9216K)
 Metaspace       used 134844K, committed 135680K, reserved 1179648K
  class space    used 18562K, committed 18944K, reserved 1048576K
}
Event: 207.734 GC heap before
{Heap before GC invocations=76 (full 0):
 garbage-first heap   total 270336K, used 122250K [0x0000000080000000, 0x0000000100000000)
  region size 1024K, 13 young (13312K), 9 survivors (9216K)
 Metaspace       used 134925K, committed 135744K, reserved 1179648K
  class space    used 18565K, committed 18944K, reserved 1048576K
}
Event: 207.784 GC heap after
{Heap after GC invocations=77 (full 0):
 garbage-first heap   total 270336K, used 117300K [0x0000000080000000, 0x0000000100000000)
  region size 1024K, 2 young (2048K), 2 survivors (2048K)
 Metaspace       used 134925K, committed 135744K, reserved 1179648K
  class space    used 18565K, committed 18944K, reserved 1048576K
}
Event: 208.465 GC heap before
{Heap before GC invocations=77 (full 0):
 garbage-first heap   total 270336K, used 141876K [0x0000000080000000, 0x0000000100000000)
  region size 1024K, 28 young (28672K), 2 survivors (2048K)
 Metaspace       used 135077K, committed 135872K, reserved 1179648K
  class space    used 18569K, committed 18944K, reserved 1048576K
}
Event: 208.478 GC heap after
{Heap after GC invocations=78 (full 0):
 garbage-first heap   total 270336K, used 120636K [0x0000000080000000, 0x0000000100000000)
  region size 1024K, 5 young (5120K), 5 survivors (5120K)
 Metaspace       used 135077K, committed 135872K, reserved 1179648K
  class space    used 18569K, committed 18944K, reserved 1048576K
}

