# JRE version: OpenJDK Runtime Environment (17.0.7) (build 17.0.7+0-b2043.56-10550314)
# Java VM: OpenJDK 64-Bit Server VM (17.0.7+0-b2043.56-10550314, mixed mode, tiered, compressed oops, compressed class ptrs, g1 gc, windows-amd64)
GC Precious Log:
 CPUs: 12 total, 12 available
 Memory: 7528M
 Large Page Support: Disabled
 NUMA Support: Disabled
 Compressed Oops: Enabled (32-bit)
 Heap Region Size: 1M
 Heap Min Capacity: 8M
 Heap Initial Capacity: 118M
 Heap Max Capacity: 2G
 Pre-touch: Disabled
 Parallel Workers: 10
 Concurrent Workers: 3
 Concurrent Refinement Workers: 10
 Periodic GC: Disabled
Heap:
 garbage-first heap   total 318464K, used 218117K [0x0000000080000000, 0x0000000100000000)
  region size 1024K, 127 young (130048K), 8 survivors (8192K)
 Metaspace       used 104915K, committed 105664K, reserved 1179648K
  class space    used 14093K, committed 14464K, reserved 1048576K
GC Heap History (20 events):
Event: 11.805 GC heap before
{Heap before GC invocations=39 (full 0):
 garbage-first heap   total 112640K, used 92365K [0x0000000080000000, 0x0000000100000000)
  region size 1024K, 29 young (29696K), 1 survivors (1024K)
 Metaspace       used 81826K, committed 82432K, reserved 1179648K
  class space    used 11136K, committed 11392K, reserved 1048576K
}
Event: 11.807 GC heap after
{Heap after GC invocations=40 (full 0):
 garbage-first heap   total 147456K, used 64986K [0x0000000080000000, 0x0000000100000000)
  region size 1024K, 2 young (2048K), 2 survivors (2048K)
 Metaspace       used 81826K, committed 82432K, reserved 1179648K
  class space    used 11136K, committed 11392K, reserved 1048576K
}
Event: 12.693 GC heap before
{Heap before GC invocations=41 (full 0):
 garbage-first heap   total 147456K, used 119258K [0x0000000080000000, 0x0000000100000000)
  region size 1024K, 55 young (56320K), 2 survivors (2048K)
 Metaspace       used 86347K, committed 86912K, reserved 1179648K
  class space    used 11829K, committed 12096K, reserved 1048576K
}
Event: 12.697 GC heap after
{Heap after GC invocations=42 (full 0):
 garbage-first heap   total 147456K, used 68189K [0x0000000080000000, 0x0000000100000000)
  region size 1024K, 5 young (5120K), 5 survivors (5120K)
 Metaspace       used 86347K, committed 86912K, reserved 1179648K
  class space    used 11829K, committed 12096K, reserved 1048576K
}
Event: 12.724 GC heap before
{Heap before GC invocations=42 (full 0):
 garbage-first heap   total 147456K, used 70237K [0x0000000080000000, 0x0000000100000000)
  region size 1024K, 7 young (7168K), 5 survivors (5120K)
 Metaspace       used 86525K, committed 87104K, reserved 1179648K
  class space    used 11854K, committed 12096K, reserved 1048576K
}
Event: 12.729 GC heap after
{Heap after GC invocations=43 (full 0):
 garbage-first heap   total 147456K, used 68211K [0x0000000080000000, 0x0000000100000000)
  region size 1024K, 1 young (1024K), 1 survivors (1024K)
 Metaspace       used 86525K, committed 87104K, reserved 1179648K
  class space    used 11854K, committed 12096K, reserved 1048576K
}
Event: 13.401 GC heap before
{Heap before GC invocations=43 (full 0):
 garbage-first heap   total 147456K, used 119411K [0x0000000080000000, 0x0000000100000000)
  region size 1024K, 51 young (52224K), 1 survivors (1024K)
 Metaspace       used 91100K, committed 91712K, reserved 1179648K
  class space    used 12516K, committed 12800K, reserved 1048576K
}
Event: 13.404 GC heap after
{Heap after GC invocations=44 (full 0):
 garbage-first heap   total 147456K, used 71166K [0x0000000080000000, 0x0000000100000000)
  region size 1024K, 4 young (4096K), 4 survivors (4096K)
 Metaspace       used 91100K, committed 91712K, reserved 1179648K
  class space    used 12516K, committed 12800K, reserved 1048576K
}
Event: 13.846 GC heap before
{Heap before GC invocations=45 (full 0):
 garbage-first heap   total 147456K, used 119294K [0x0000000080000000, 0x0000000100000000)
  region size 1024K, 52 young (53248K), 4 survivors (4096K)
 Metaspace       used 91790K, committed 92416K, reserved 1179648K
  class space    used 12568K, committed 12864K, reserved 1048576K
}
Event: 13.854 GC heap after
{Heap after GC invocations=46 (full 0):
 garbage-first heap   total 147456K, used 78436K [0x0000000080000000, 0x0000000100000000)
  region size 1024K, 7 young (7168K), 7 survivors (7168K)
 Metaspace       used 91790K, committed 92416K, reserved 1179648K
  class space    used 12568K, committed 12864K, reserved 1048576K
}
Event: 13.864 GC heap before
{Heap before GC invocations=46 (full 0):
 garbage-first heap   total 147456K, used 79460K [0x0000000080000000, 0x0000000100000000)
  region size 1024K, 8 young (8192K), 7 survivors (7168K)
 Metaspace       used 91858K, committed 92480K, reserved 1179648K
  class space    used 12574K, committed 12864K, reserved 1048576K
}
Event: 13.871 GC heap after
{Heap after GC invocations=47 (full 0):
 garbage-first heap   total 147456K, used 78948K [0x0000000080000000, 0x0000000100000000)
  region size 1024K, 1 young (1024K), 1 survivors (1024K)
 Metaspace       used 91858K, committed 92480K, reserved 1179648K
  class space    used 12574K, committed 12864K, reserved 1048576K
}
Event: 14.468 GC heap before
{Heap before GC invocations=47 (full 0):
 garbage-first heap   total 147456K, used 122980K [0x0000000080000000, 0x0000000100000000)
  region size 1024K, 40 young (40960K), 1 survivors (1024K)
 Metaspace       used 95229K, committed 95936K, reserved 1179648K
  class space    used 13071K, committed 13376K, reserved 1048576K
}
Event: 14.475 GC heap after
{Heap after GC invocations=48 (full 0):
 garbage-first heap   total 147456K, used 84326K [0x0000000080000000, 0x0000000100000000)
  region size 1024K, 5 young (5120K), 5 survivors (5120K)
 Metaspace       used 95229K, committed 95936K, reserved 1179648K
  class space    used 13071K, committed 13376K, reserved 1048576K
}
Event: 14.657 GC heap before
{Heap before GC invocations=48 (full 0):
 garbage-first heap   total 147456K, used 118118K [0x0000000080000000, 0x0000000100000000)
  region size 1024K, 39 young (39936K), 5 survivors (5120K)
 Metaspace       used 95447K, committed 96064K, reserved 1179648K
  class space    used 13104K, committed 13376K, reserved 1048576K
}
Event: 14.661 GC heap after
{Heap after GC invocations=49 (full 0):
 garbage-first heap   total 147456K, used 87907K [0x0000000080000000, 0x0000000100000000)
  region size 1024K, 4 young (4096K), 4 survivors (4096K)
 Metaspace       used 95447K, committed 96064K, reserved 1179648K
  class space    used 13104K, committed 13376K, reserved 1048576K
}
Event: 15.171 GC heap before
{Heap before GC invocations=49 (full 0):
 garbage-first heap   total 147456K, used 121699K [0x0000000080000000, 0x0000000100000000)
  region size 1024K, 36 young (36864K), 4 survivors (4096K)
 Metaspace       used 97496K, committed 98176K, reserved 1179648K
  class space    used 13413K, committed 13760K, reserved 1048576K
}
Event: 15.179 GC heap after
{Heap after GC invocations=50 (full 0):
 garbage-first heap   total 318464K, used 95547K [0x0000000080000000, 0x0000000100000000)
  region size 1024K, 5 young (5120K), 5 survivors (5120K)
 Metaspace       used 97496K, committed 98176K, reserved 1179648K
  class space    used 13413K, committed 13760K, reserved 1048576K
}
Event: 16.676 GC heap before
{Heap before GC invocations=50 (full 0):
 garbage-first heap   total 318464K, used 262459K [0x0000000080000000, 0x0000000100000000)
  region size 1024K, 144 young (147456K), 5 survivors (5120K)
 Metaspace       used 101647K, committed 102464K, reserved 1179648K
  class space    used 13830K, committed 14208K, reserved 1048576K
}
Event: 16.683 GC heap after
{Heap after GC invocations=51 (full 0):
 garbage-first heap   total 318464K, used 98309K [0x0000000080000000, 0x0000000100000000)
  region size 1024K, 8 young (8192K), 8 survivors (8192K)
 Metaspace       used 101647K, committed 102464K, reserved 1179648K
  class space    used 13830K, committed 14208K, reserved 1048576K
}

